{
  "0 debug pnpm:scope": {
    "selected": 1
  },
  "1 info pnpm": {
    "err": {
      "name": "Error",
      "message": "not found: show",
      "code": "ENOENT",
      "stack": "Error: not found: show\n    at getNotFoundError (/usr/local/lib/node_modules/pnpm/dist/pnpm.cjs:48497:51)\n    at Function.whichSync [as sync] (/usr/local/lib/node_modules/pnpm/dist/pnpm.cjs:48574:13)\n    at getCommandAbsolutePathSync (/usr/local/lib/node_modules/pnpm/dist/pnpm.cjs:50139:44)\n    at default_1 (/usr/local/lib/node_modules/pnpm/dist/pnpm.cjs:50148:32)\n    at /usr/local/lib/node_modules/pnpm/dist/pnpm.cjs:129799:39"
    }
  },
  "2 error pnpm": {
    "code": "ERR_PNPM_RECURSIVE_EXEC_FIRST_FAIL",
    "prefix": "/Users/mac/src/github/easy-front/easy-front-ui-playground",
    "err": {
      "name": "pnpm",
      "message": "not found: show",
      "code": "ERR_PNPM_RECURSIVE_EXEC_FIRST_FAIL",
      "stack": "Error: not found: show\n    at getNotFoundError (/usr/local/lib/node_modules/pnpm/dist/pnpm.cjs:48497:51)\n    at Function.whichSync [as sync] (/usr/local/lib/node_modules/pnpm/dist/pnpm.cjs:48574:13)\n    at getCommandAbsolutePathSync (/usr/local/lib/node_modules/pnpm/dist/pnpm.cjs:50139:44)\n    at default_1 (/usr/local/lib/node_modules/pnpm/dist/pnpm.cjs:50148:32)\n    at /usr/local/lib/node_modules/pnpm/dist/pnpm.cjs:129799:39"
    }
  }
}